<?xml version="1.0" encoding="UTF-8"?>
<!-- Generated by org.testng.reporters.JUnitReportReporter -->
<testsuite hostname="Priyam-PC" failures="0" tests="1" name="automation.TestGetOperation" time="11.529" errors="0" timestamp="11 Sep 2018 11:29:58 GMT" skipped="0">
  <testcase classname="automation.TestGetOperation" name="testget" time="11.529"/>
</testsuite> <!-- automation.TestGetOperation -->
