<?xml version="1.0" encoding="UTF-8"?>
<!-- Generated by org.testng.reporters.JUnitReportReporter -->
<testsuite hostname="Priyam-PC" failures="0" tests="1" name="automation.TestGetOperation" time="10.294" errors="0" timestamp="26 Jul 2018 11:00:06 GMT" skipped="0">
  <testcase classname="automation.TestGetOperation" name="testget" time="10.294"/>
</testsuite> <!-- automation.TestGetOperation -->
