<?xml version="1.0" encoding="UTF-8"?>
<!-- Generated by org.testng.reporters.JUnitReportReporter -->
<testsuite hostname="Priyam-PC" failures="0" tests="1" name="automation.GetBankBranches" time="3.554" errors="0" timestamp="24 Dec 2018 12:24:33 GMT" skipped="0">
  <testcase classname="automation.GetBankBranches" name="testgetBranches" time="3.554"/>
</testsuite> <!-- automation.GetBankBranches -->
