<?xml version="1.0" encoding="UTF-8"?>
<!-- Generated by org.testng.reporters.JUnitReportReporter -->
<testsuite hostname="Priyam-PC" failures="0" tests="1" name="automation.Sampletest" time="0.029" errors="0" timestamp="15 Jan 2019 16:20:21 GMT" skipped="0">
  <testcase classname="automation.Sampletest" name="f" time="0.029"/>
</testsuite> <!-- automation.Sampletest -->
