<?xml version="1.0" encoding="UTF-8"?>
<!-- Generated by org.testng.reporters.JUnitReportReporter -->
<testsuite hostname="Priyam-PC" failures="0" tests="1" name="automation.TestPostOperation" time="1.074" errors="0" timestamp="11 Sep 2018 11:29:58 GMT" skipped="0">
  <testcase classname="automation.TestPostOperation" name="testpost" time="1.074"/>
</testsuite> <!-- automation.TestPostOperation -->
