<?xml version="1.0" encoding="UTF-8"?>
<!-- Generated by org.testng.reporters.JUnitReportReporter -->
<testsuite hostname="Priyam-PC" failures="0" tests="1" name="automation.TestPostOperation" time="0.917" errors="0" timestamp="24 Dec 2018 12:24:32 GMT" skipped="0">
  <testcase classname="automation.TestPostOperation" name="testpost" time="0.917"/>
</testsuite> <!-- automation.TestPostOperation -->
