<?xml version="1.0" encoding="UTF-8"?>
<!-- Generated by org.testng.reporters.JUnitReportReporter -->
<testsuite hostname="Priyam-PC" failures="0" tests="1" name="automation.TestGetOperation" time="9.417" errors="0" timestamp="29 Aug 2018 07:54:52 GMT" skipped="0">
  <testcase classname="automation.TestGetOperation" name="testget" time="9.417"/>
</testsuite> <!-- automation.TestGetOperation -->
