<?xml version="1.0" encoding="UTF-8"?>
<!-- Generated by org.testng.reporters.JUnitReportReporter -->
<testsuite hostname="Priyam-PC" failures="0" tests="1" name="automation.Sampletest" time="0.025" errors="0" timestamp="29 Aug 2018 07:54:52 GMT" skipped="0">
  <testcase classname="automation.Sampletest" name="f" time="0.025"/>
</testsuite> <!-- automation.Sampletest -->
