<?xml version="1.0" encoding="UTF-8"?>
<!-- Generated by org.testng.reporters.JUnitReportReporter -->
<testsuite hostname="Priyam-PC" failures="0" tests="1" name="automation.Sampletest" time="0.024" errors="0" timestamp="05 Jul 2018 10:19:21 GMT" skipped="0">
  <testcase classname="automation.Sampletest" name="f" time="0.024"/>
</testsuite> <!-- automation.Sampletest -->
